<?xml version="1.0" encoding="UTF-8"?>
<testng-results ignored="0" total="0" passed="0" failed="0" skipped="0">
  <reporter-output>
  </reporter-output>
  <suite started-at="2023-06-14T14:43:04 CAT" name="cucumber.options.TestRunner" finished-at="2023-06-14T14:43:04 CAT" duration-ms="30">
    <groups>
    </groups>
    <test started-at="2023-06-14T14:43:04 CAT" name="Command line test" finished-at="2023-06-14T14:43:04 CAT" duration-ms="30">
    </test> <!-- Command line test -->
  </suite> <!-- cucumber.options.TestRunner -->
</testng-results>
